2014-09-19 19:34:24,109 INFO : org.graylog2.Main - Graylog2 0.20.6 starting up. (JRE: Oracle Corporation 1.7.0_65 on Linux 3.2.0-23-generic)
2014-09-19 19:34:24,254 INFO : org.graylog2.plugin.system.NodeId - No node ID file found. Generated: 283e0cad-5938-4423-a912-a08c8e943968
2014-09-19 19:34:24,549 INFO : org.graylog2.buffers.ProcessBuffer - Initialized ProcessBuffer with ring size <1024> and wait strategy <BlockingWaitStrategy>.
2014-09-19 19:34:24,577 INFO : org.graylog2.buffers.OutputBuffer - Initialized OutputBuffer with ring size <1024> and wait strategy <BlockingWaitStrategy>.
2014-09-19 19:34:25,481 INFO : org.elasticsearch.node - [graylog2-server] version[0.90.10], pid[9337], build[0a5781f/2014-01-10T10:18:37Z]
2014-09-19 19:34:25,481 INFO : org.elasticsearch.node - [graylog2-server] initializing ...
2014-09-19 19:34:25,492 INFO : org.elasticsearch.plugins - [graylog2-server] loaded [], sites []
2014-09-19 19:34:28,338 INFO : org.elasticsearch.node - [graylog2-server] initialized
2014-09-19 19:34:28,338 INFO : org.elasticsearch.node - [graylog2-server] starting ...
2014-09-19 19:34:28,457 INFO : org.elasticsearch.transport - [graylog2-server] bound_address {inet[/0:0:0:0:0:0:0:0:9350]}, publish_address {inet[/10.0.2.15:9350]}
2014-09-19 19:34:31,468 WARN : org.elasticsearch.discovery - [graylog2-server] waited for 3s and no initial state was set by the discovery
2014-09-19 19:34:31,468 INFO : org.elasticsearch.discovery - [graylog2-server] graylog2/zrktRN_FQQy0h7fSjKdz2w
2014-09-19 19:34:31,471 INFO : org.elasticsearch.node - [graylog2-server] started
2014-09-19 19:34:31,578 INFO : org.elasticsearch.cluster.service - [graylog2-server] detected_master [Space Turnip][Z5P3WGd4QE-e6Grw_RbVjQ][inet[/10.0.2.15:9300]], added {[Space Turnip][Z5P3WGd4QE-e6Grw_RbVjQ][inet[/10.0.2.15:9300]],}, reason: zen-disco-receive(from master [[Space Turnip][Z5P3WGd4QE-e6Grw_RbVjQ][inet[/10.0.2.15:9300]]])
2014-09-19 19:34:31,729 INFO : org.graylog2.Core - Setting up deflector.
2014-09-19 19:34:31,739 INFO : org.graylog2.indexer.Deflector - Did not find an deflector alias. Setting one up now.
2014-09-19 19:34:31,747 INFO : org.graylog2.indexer.Deflector - There is no index target to point to. Creating one now.
2014-09-19 19:34:31,787 INFO : org.graylog2.indexer.Deflector - Cycling deflector to next index now.
2014-09-19 19:34:31,788 INFO : org.graylog2.indexer.Deflector - Cycling from <none> to <graylog2_0>
2014-09-19 19:34:31,788 INFO : org.graylog2.indexer.Deflector - Creating index target <graylog2_0>...
2014-09-19 19:34:33,087 INFO : org.graylog2.system.jobs.SystemJobManager - Submitted SystemJob <fb41a2d0-4033-11e4-a36e-0800278688a3> [org.graylog2.indexer.ranges.RebuildIndexRangesJob]
2014-09-19 19:34:33,087 INFO : org.graylog2.indexer.Deflector - Done!
2014-09-19 19:34:33,087 INFO : org.graylog2.indexer.Deflector - Pointing deflector to new target index....
2014-09-19 19:34:33,103 INFO : org.graylog2.indexer.ranges.RebuildIndexRangesJob - Re-calculating index ranges.
2014-09-19 19:34:33,155 INFO : org.graylog2.indexer.Deflector - Done!
2014-09-19 19:34:33,160 INFO : org.graylog2.initializers.DroolsInitializer - Not using rules
2014-09-19 19:34:33,160 INFO : org.graylog2.initializers.Initializers - Initialized initializer <org.graylog2.initializers.DroolsInitializer>.
2014-09-19 19:34:33,361 INFO : org.graylog2.indexer.ranges.RebuildIndexRangesJob - Index [graylog2_0] is empty but it is the current deflector target. Inserting dummy index range.
2014-09-19 19:34:33,371 INFO : org.graylog2.indexer.ranges.RebuildIndexRangesJob - Done calculating index ranges for 1 indices. Took 220ms.
2014-09-19 19:34:33,373 INFO : org.graylog2.system.jobs.SystemJobManager - SystemJob <fb41a2d0-4033-11e4-a36e-0800278688a3> [org.graylog2.indexer.ranges.RebuildIndexRangesJob] finished in 269ms.
2014-09-19 19:34:33,585 INFO : org.reflections.Reflections - Reflections took 384 ms to scan 1 urls, producing 3 keys and 16 values 
2014-09-19 19:34:33,603 INFO : org.graylog2.periodical.Periodicals - Starting [org.graylog2.periodical.NodePingThread] periodical in [0s], polling every [1s].
2014-09-19 19:34:33,610 INFO : org.graylog2.periodical.Periodicals - Starting [org.graylog2.periodical.DeadLetterThread] periodical, running forever.
2014-09-19 19:34:33,611 INFO : org.graylog2.periodical.Periodicals - Starting [org.graylog2.periodical.DeflectorManagerThread] periodical in [0s], polling every [10s].
2014-09-19 19:34:33,616 INFO : org.graylog2.periodical.Periodicals - Starting [org.graylog2.periodical.ClusterHealthCheckThread] periodical in [0s], polling every [20s].
2014-09-19 19:34:33,622 INFO : org.graylog2.periodical.Periodicals - Starting [org.graylog2.periodical.MasterCacheWorkerThread] periodical, running forever.
2014-09-19 19:34:33,631 INFO : org.graylog2.periodical.Periodicals - Starting [org.graylog2.periodical.IndexRetentionThread] periodical in [0s], polling every [300s].
2014-09-19 19:34:33,635 INFO : org.graylog2.periodical.Periodicals - Starting [org.graylog2.periodical.AlertScannerThread] periodical in [10s], polling every [60s].
2014-09-19 19:34:33,635 INFO : org.graylog2.periodical.Periodicals - Starting [org.graylog2.periodical.ThroughputCounterManagerThread] periodical in [0s], polling every [1s].
2014-09-19 19:34:33,636 INFO : org.graylog2.periodical.Periodicals - Starting [org.graylog2.periodical.IndexerClusterCheckerThread] periodical in [0s], polling every [30s].
2014-09-19 19:34:33,637 INFO : org.graylog2.periodical.Periodicals - Starting [org.graylog2.periodical.BatchedElasticSearchOutputFlushThread] periodical in [0s], polling every [1s].
2014-09-19 19:34:33,643 INFO : org.graylog2.periodical.Periodicals - Starting [org.graylog2.periodical.VersionCheckThread] periodical in [0s], polling every [1800s].
2014-09-19 19:34:33,690 INFO : org.graylog2.periodical.Periodicals - Starting [org.graylog2.periodical.StreamThroughputCounterManagerThread] periodical in [0s], polling every [1s].
2014-09-19 19:34:33,695 INFO : org.graylog2.initializers.Initializers - Initialized initializer <org.graylog2.initializers.PeriodicalsInitializer>.
2014-09-19 19:34:33,696 INFO : org.graylog2.outputs.OutputRegistry - Initialized output <org.graylog2.outputs.BatchedElasticSearchOutput>.
2014-09-19 19:34:37,075 INFO : org.glassfish.jersey.server.ApplicationHandler - Initiating Jersey application, version Jersey: 2.5 2013-12-18 14:27:29...
2014-09-19 19:34:39,924 INFO : org.graylog2.Core - Started REST API at <http://127.0.0.1:12900/>
2014-09-19 19:34:39,935 INFO : org.graylog2.Main - Graylog2 up and running.
2014-09-19 19:34:40,473 INFO : org.elasticsearch.discovery.zen - [graylog2-server] master_left [[Space Turnip][Z5P3WGd4QE-e6Grw_RbVjQ][inet[/10.0.2.15:9300]]], reason [transport disconnected (with verified connect)]
2014-09-19 19:34:40,478 WARN : org.elasticsearch.discovery.zen - [graylog2-server] master_left and no other node elected to become master, current nodes: {[graylog2-server][zrktRN_FQQy0h7fSjKdz2w][inet[/10.0.2.15:9350]]{client=true, data=false, master=false},}
2014-09-19 19:34:40,479 INFO : org.elasticsearch.cluster.service - [graylog2-server] removed {[Space Turnip][Z5P3WGd4QE-e6Grw_RbVjQ][inet[/10.0.2.15:9300]],}, reason: zen-disco-master_failed ([Space Turnip][Z5P3WGd4QE-e6Grw_RbVjQ][inet[/10.0.2.15:9300]])
2014-09-19 19:34:47,892 WARN : com.mongodb - emptying DBPortPool to /127.0.0.1:27017 b/c of error
java.io.EOFException
	at org.bson.io.Bits.readFully(Bits.java:48)
	at org.bson.io.Bits.readFully(Bits.java:33)
	at org.bson.io.Bits.readFully(Bits.java:28)
	at com.mongodb.Response.<init>(Response.java:40)
	at com.mongodb.DBPort.go(DBPort.java:142)
	at com.mongodb.DBPort.call(DBPort.java:92)
	at com.mongodb.DBTCPConnector.innerCall(DBTCPConnector.java:244)
	at com.mongodb.DBTCPConnector.call(DBTCPConnector.java:216)
	at com.mongodb.DBApiLayer$MyCollection.__find(DBApiLayer.java:288)
	at com.mongodb.DBApiLayer$MyCollection.__find(DBApiLayer.java:273)
	at com.mongodb.DBCollection.findOne(DBCollection.java:728)
	at com.mongodb.DBCollection.findOne(DBCollection.java:670)
	at org.graylog2.database.Persisted.findOne(Persisted.java:117)
	at org.graylog2.cluster.Node.thisNode(Node.java:92)
	at org.graylog2.periodical.NodePingThread.run(NodePingThread.java:40)
	at java.util.concurrent.Executors$RunnableAdapter.call(Executors.java:471)
	at java.util.concurrent.FutureTask.runAndReset(FutureTask.java:304)
	at java.util.concurrent.ScheduledThreadPoolExecutor$ScheduledFutureTask.access$301(ScheduledThreadPoolExecutor.java:178)
	at java.util.concurrent.ScheduledThreadPoolExecutor$ScheduledFutureTask.run(ScheduledThreadPoolExecutor.java:293)
	at java.util.concurrent.ThreadPoolExecutor.runWorker(ThreadPoolExecutor.java:1145)
	at java.util.concurrent.ThreadPoolExecutor$Worker.run(ThreadPoolExecutor.java:615)
	at java.lang.Thread.run(Thread.java:745)
2014-09-19 19:34:59,633 ERROR: org.graylog2.jersey.container.netty.NettyContainer - Uncaught exception during jersey resource handling
java.io.IOException: Broken pipe
	at sun.nio.ch.FileDispatcherImpl.write0(Native Method)
	at sun.nio.ch.SocketDispatcher.write(SocketDispatcher.java:47)
	at sun.nio.ch.IOUtil.writeFromNativeBuffer(IOUtil.java:93)
	at sun.nio.ch.IOUtil.write(IOUtil.java:51)
	at sun.nio.ch.SocketChannelImpl.write(SocketChannelImpl.java:487)
	at org.jboss.netty.channel.socket.nio.SocketSendBufferPool$UnpooledSendBuffer.transferTo(SocketSendBufferPool.java:203)
	at org.jboss.netty.channel.socket.nio.AbstractNioWorker.write0(AbstractNioWorker.java:201)
	at org.jboss.netty.channel.socket.nio.AbstractNioWorker.writeFromUserCode(AbstractNioWorker.java:146)
	at org.jboss.netty.channel.socket.nio.NioServerSocketPipelineSink.handleAcceptedSocket(NioServerSocketPipelineSink.java:99)
	at org.jboss.netty.channel.socket.nio.NioServerSocketPipelineSink.eventSunk(NioServerSocketPipelineSink.java:36)
	at org.jboss.netty.channel.Channels.write(Channels.java:725)
	at org.jboss.netty.handler.codec.oneone.OneToOneEncoder.doEncode(OneToOneEncoder.java:71)
	at org.jboss.netty.handler.codec.oneone.OneToOneEncoder.handleDownstream(OneToOneEncoder.java:59)
	at org.jboss.netty.handler.stream.ChunkedWriteHandler.flush(ChunkedWriteHandler.java:280)
	at org.jboss.netty.handler.stream.ChunkedWriteHandler.handleDownstream(ChunkedWriteHandler.java:121)
	at org.jboss.netty.channel.Channels.write(Channels.java:704)
	at org.jboss.netty.channel.Channels.write(Channels.java:671)
	at org.jboss.netty.channel.AbstractChannel.write(AbstractChannel.java:248)
	at org.graylog2.jersey.container.netty.NettyContainer$NettyResponseWriter$1.write(NettyContainer.java:118)
	at org.glassfish.jersey.message.internal.CommittingOutputStream.write(CommittingOutputStream.java:229)
	at sun.nio.cs.StreamEncoder.writeBytes(StreamEncoder.java:221)
	at sun.nio.cs.StreamEncoder.implFlushBuffer(StreamEncoder.java:291)
	at sun.nio.cs.StreamEncoder.implFlush(StreamEncoder.java:295)
	at sun.nio.cs.StreamEncoder.flush(StreamEncoder.java:141)
	at java.io.OutputStreamWriter.flush(OutputStreamWriter.java:229)
	at java.io.BufferedWriter.flush(BufferedWriter.java:254)
	at org.glassfish.jersey.message.internal.ReaderWriter.writeToAsString(ReaderWriter.java:192)
	at org.glassfish.jersey.message.internal.AbstractMessageReaderWriterProvider.writeToAsString(AbstractMessageReaderWriterProvider.java:129)
	at org.glassfish.jersey.message.internal.StringMessageProvider.writeTo(StringMessageProvider.java:99)
	at org.glassfish.jersey.message.internal.StringMessageProvider.writeTo(StringMessageProvider.java:59)
	at org.glassfish.jersey.message.internal.WriterInterceptorExecutor$TerminalWriterInterceptor.invokeWriteTo(WriterInterceptorExecutor.java:243)
	at org.glassfish.jersey.message.internal.WriterInterceptorExecutor$TerminalWriterInterceptor.aroundWriteTo(WriterInterceptorExecutor.java:230)
	at org.glassfish.jersey.message.internal.WriterInterceptorExecutor.proceed(WriterInterceptorExecutor.java:149)
	at org.glassfish.jersey.server.internal.JsonWithPaddingInterceptor.aroundWriteTo(JsonWithPaddingInterceptor.java:103)
	at org.glassfish.jersey.message.internal.WriterInterceptorExecutor.proceed(WriterInterceptorExecutor.java:149)
	at org.glassfish.jersey.server.internal.MappableExceptionWrapperInterceptor.aroundWriteTo(MappableExceptionWrapperInterceptor.java:88)
	at org.glassfish.jersey.message.internal.WriterInterceptorExecutor.proceed(WriterInterceptorExecutor.java:149)
	at org.glassfish.jersey.message.internal.MessageBodyFactory.writeTo(MessageBodyFactory.java:1139)
	at org.glassfish.jersey.server.ServerRuntime$Responder.writeResponse(ServerRuntime.java:574)
	at org.glassfish.jersey.server.ServerRuntime$Responder.processResponse(ServerRuntime.java:381)
	at org.glassfish.jersey.server.ServerRuntime$Responder.process(ServerRuntime.java:371)
	at org.glassfish.jersey.server.ServerRuntime$1.run(ServerRuntime.java:262)
	at org.glassfish.jersey.internal.Errors$1.call(Errors.java:271)
	at org.glassfish.jersey.internal.Errors$1.call(Errors.java:267)
	at org.glassfish.jersey.internal.Errors.process(Errors.java:315)
	at org.glassfish.jersey.internal.Errors.process(Errors.java:297)
	at org.glassfish.jersey.internal.Errors.process(Errors.java:267)
	at org.glassfish.jersey.process.internal.RequestScope.runInScope(RequestScope.java:318)
	at org.glassfish.jersey.server.ServerRuntime.process(ServerRuntime.java:236)
	at org.glassfish.jersey.server.ApplicationHandler.handle(ApplicationHandler.java:1010)
	at org.graylog2.jersey.container.netty.NettyContainer.messageReceived(NettyContainer.java:306)
	at org.jboss.netty.handler.stream.ChunkedWriteHandler.handleUpstream(ChunkedWriteHandler.java:142)
	at org.jboss.netty.channel.Channels.fireMessageReceived(Channels.java:296)
	at org.jboss.netty.handler.codec.frame.FrameDecoder.unfoldAndFireMessageReceived(FrameDecoder.java:459)
	at org.jboss.netty.handler.codec.replay.ReplayingDecoder.callDecode(ReplayingDecoder.java:536)
	at org.jboss.netty.handler.codec.replay.ReplayingDecoder.messageReceived(ReplayingDecoder.java:435)
	at org.jboss.netty.channel.Channels.fireMessageReceived(Channels.java:268)
	at org.jboss.netty.channel.Channels.fireMessageReceived(Channels.java:255)
	at org.jboss.netty.channel.socket.nio.NioWorker.read(NioWorker.java:88)
	at org.jboss.netty.channel.socket.nio.AbstractNioWorker.process(AbstractNioWorker.java:108)
	at org.jboss.netty.channel.socket.nio.AbstractNioSelector.run(AbstractNioSelector.java:318)
	at org.jboss.netty.channel.socket.nio.AbstractNioWorker.run(AbstractNioWorker.java:89)
	at org.jboss.netty.channel.socket.nio.NioWorker.run(NioWorker.java:178)
	at java.util.concurrent.ThreadPoolExecutor.runWorker(ThreadPoolExecutor.java:1145)
	at java.util.concurrent.ThreadPoolExecutor$Worker.run(ThreadPoolExecutor.java:615)
	at java.lang.Thread.run(Thread.java:745)
2014-09-19 19:34:59,646 ERROR: org.graylog2.jersey.container.netty.NettyContainer - Uncaught exception during jersey resource handling
java.nio.channels.ClosedChannelException
	at org.jboss.netty.handler.stream.ChunkedWriteHandler.discard(ChunkedWriteHandler.java:168)
	at org.jboss.netty.handler.stream.ChunkedWriteHandler.flush(ChunkedWriteHandler.java:285)
	at org.jboss.netty.handler.stream.ChunkedWriteHandler.handleDownstream(ChunkedWriteHandler.java:121)
	at org.jboss.netty.channel.Channels.write(Channels.java:704)
	at org.jboss.netty.channel.Channels.write(Channels.java:671)
	at org.jboss.netty.channel.AbstractChannel.write(AbstractChannel.java:248)
	at org.graylog2.jersey.container.netty.NettyContainer$NettyResponseWriter$1.write(NettyContainer.java:118)
	at org.glassfish.jersey.message.internal.CommittingOutputStream.write(CommittingOutputStream.java:229)
	at sun.nio.cs.StreamEncoder.writeBytes(StreamEncoder.java:221)
	at sun.nio.cs.StreamEncoder.implFlushBuffer(StreamEncoder.java:291)
	at sun.nio.cs.StreamEncoder.implFlush(StreamEncoder.java:295)
	at sun.nio.cs.StreamEncoder.flush(StreamEncoder.java:141)
	at java.io.OutputStreamWriter.flush(OutputStreamWriter.java:229)
	at java.io.BufferedWriter.flush(BufferedWriter.java:254)
	at org.glassfish.jersey.message.internal.ReaderWriter.writeToAsString(ReaderWriter.java:192)
	at org.glassfish.jersey.message.internal.AbstractMessageReaderWriterProvider.writeToAsString(AbstractMessageReaderWriterProvider.java:129)
	at org.glassfish.jersey.message.internal.StringMessageProvider.writeTo(StringMessageProvider.java:99)
	at org.glassfish.jersey.message.internal.StringMessageProvider.writeTo(StringMessageProvider.java:59)
	at org.glassfish.jersey.message.internal.WriterInterceptorExecutor$TerminalWriterInterceptor.invokeWriteTo(WriterInterceptorExecutor.java:243)
	at org.glassfish.jersey.message.internal.WriterInterceptorExecutor$TerminalWriterInterceptor.aroundWriteTo(WriterInterceptorExecutor.java:230)
	at org.glassfish.jersey.message.internal.WriterInterceptorExecutor.proceed(WriterInterceptorExecutor.java:149)
	at org.glassfish.jersey.server.internal.JsonWithPaddingInterceptor.aroundWriteTo(JsonWithPaddingInterceptor.java:103)
	at org.glassfish.jersey.message.internal.WriterInterceptorExecutor.proceed(WriterInterceptorExecutor.java:149)
	at org.glassfish.jersey.server.internal.MappableExceptionWrapperInterceptor.aroundWriteTo(MappableExceptionWrapperInterceptor.java:88)
	at org.glassfish.jersey.message.internal.WriterInterceptorExecutor.proceed(WriterInterceptorExecutor.java:149)
	at org.glassfish.jersey.message.internal.MessageBodyFactory.writeTo(MessageBodyFactory.java:1139)
	at org.glassfish.jersey.server.ServerRuntime$Responder.writeResponse(ServerRuntime.java:574)
	at org.glassfish.jersey.server.ServerRuntime$Responder.processResponse(ServerRuntime.java:381)
	at org.glassfish.jersey.server.ServerRuntime$Responder.process(ServerRuntime.java:371)
	at org.glassfish.jersey.server.ServerRuntime$1.run(ServerRuntime.java:262)
	at org.glassfish.jersey.internal.Errors$1.call(Errors.java:271)
	at org.glassfish.jersey.internal.Errors$1.call(Errors.java:267)
	at org.glassfish.jersey.internal.Errors.process(Errors.java:315)
	at org.glassfish.jersey.internal.Errors.process(Errors.java:297)
	at org.glassfish.jersey.internal.Errors.process(Errors.java:267)
	at org.glassfish.jersey.process.internal.RequestScope.runInScope(RequestScope.java:318)
	at org.glassfish.jersey.server.ServerRuntime.process(ServerRuntime.java:236)
	at org.glassfish.jersey.server.ApplicationHandler.handle(ApplicationHandler.java:1010)
	at org.graylog2.jersey.container.netty.NettyContainer.messageReceived(NettyContainer.java:306)
	at org.jboss.netty.handler.stream.ChunkedWriteHandler.handleUpstream(ChunkedWriteHandler.java:142)
	at org.jboss.netty.channel.Channels.fireMessageReceived(Channels.java:296)
	at org.jboss.netty.handler.codec.frame.FrameDecoder.unfoldAndFireMessageReceived(FrameDecoder.java:459)
	at org.jboss.netty.handler.codec.replay.ReplayingDecoder.callDecode(ReplayingDecoder.java:536)
	at org.jboss.netty.handler.codec.replay.ReplayingDecoder.messageReceived(ReplayingDecoder.java:435)
	at org.jboss.netty.channel.Channels.fireMessageReceived(Channels.java:268)
	at org.jboss.netty.channel.Channels.fireMessageReceived(Channels.java:255)
	at org.jboss.netty.channel.socket.nio.NioWorker.read(NioWorker.java:88)
	at org.jboss.netty.channel.socket.nio.AbstractNioWorker.process(AbstractNioWorker.java:108)
	at org.jboss.netty.channel.socket.nio.AbstractNioSelector.run(AbstractNioSelector.java:318)
	at org.jboss.netty.channel.socket.nio.AbstractNioWorker.run(AbstractNioWorker.java:89)
	at org.jboss.netty.channel.socket.nio.NioWorker.run(NioWorker.java:178)
	at java.util.concurrent.ThreadPoolExecutor.runWorker(ThreadPoolExecutor.java:1145)
	at java.util.concurrent.ThreadPoolExecutor$Worker.run(ThreadPoolExecutor.java:615)
	at java.lang.Thread.run(Thread.java:745)
2014-09-19 19:34:59,665 INFO : org.graylog2.jersey.container.netty.NettyContainer - Not writing any response, channel is already closed.
java.nio.channels.ClosedChannelException
	at org.jboss.netty.handler.stream.ChunkedWriteHandler.discard(ChunkedWriteHandler.java:168)
	at org.jboss.netty.handler.stream.ChunkedWriteHandler.flush(ChunkedWriteHandler.java:285)
	at org.jboss.netty.handler.stream.ChunkedWriteHandler.handleDownstream(ChunkedWriteHandler.java:121)
	at org.jboss.netty.channel.Channels.write(Channels.java:704)
	at org.jboss.netty.channel.Channels.write(Channels.java:671)
	at org.jboss.netty.channel.AbstractChannel.write(AbstractChannel.java:248)
	at org.graylog2.jersey.container.netty.NettyContainer$NettyResponseWriter$1.write(NettyContainer.java:118)
	at org.glassfish.jersey.message.internal.CommittingOutputStream.write(CommittingOutputStream.java:229)
	at sun.nio.cs.StreamEncoder.writeBytes(StreamEncoder.java:221)
	at sun.nio.cs.StreamEncoder.implFlushBuffer(StreamEncoder.java:291)
	at sun.nio.cs.StreamEncoder.implFlush(StreamEncoder.java:295)
	at sun.nio.cs.StreamEncoder.flush(StreamEncoder.java:141)
	at java.io.OutputStreamWriter.flush(OutputStreamWriter.java:229)
	at java.io.BufferedWriter.flush(BufferedWriter.java:254)
	at org.glassfish.jersey.message.internal.ReaderWriter.writeToAsString(ReaderWriter.java:192)
	at org.glassfish.jersey.message.internal.AbstractMessageReaderWriterProvider.writeToAsString(AbstractMessageReaderWriterProvider.java:129)
	at org.glassfish.jersey.message.internal.StringMessageProvider.writeTo(StringMessageProvider.java:99)
	at org.glassfish.jersey.message.internal.StringMessageProvider.writeTo(StringMessageProvider.java:59)
	at org.glassfish.jersey.message.internal.WriterInterceptorExecutor$TerminalWriterInterceptor.invokeWriteTo(WriterInterceptorExecutor.java:243)
	at org.glassfish.jersey.message.internal.WriterInterceptorExecutor$TerminalWriterInterceptor.aroundWriteTo(WriterInterceptorExecutor.java:230)
	at org.glassfish.jersey.message.internal.WriterInterceptorExecutor.proceed(WriterInterceptorExecutor.java:149)
	at org.glassfish.jersey.server.internal.JsonWithPaddingInterceptor.aroundWriteTo(JsonWithPaddingInterceptor.java:103)
	at org.glassfish.jersey.message.internal.WriterInterceptorExecutor.proceed(WriterInterceptorExecutor.java:149)
	at org.glassfish.jersey.server.internal.MappableExceptionWrapperInterceptor.aroundWriteTo(MappableExceptionWrapperInterceptor.java:88)
	at org.glassfish.jersey.message.internal.WriterInterceptorExecutor.proceed(WriterInterceptorExecutor.java:149)
	at org.glassfish.jersey.message.internal.MessageBodyFactory.writeTo(MessageBodyFactory.java:1139)
	at org.glassfish.jersey.server.ServerRuntime$Responder.writeResponse(ServerRuntime.java:574)
	at org.glassfish.jersey.server.ServerRuntime$Responder.processResponse(ServerRuntime.java:381)
	at org.glassfish.jersey.server.ServerRuntime$Responder.process(ServerRuntime.java:371)
	at org.glassfish.jersey.server.ServerRuntime$1.run(ServerRuntime.java:262)
	at org.glassfish.jersey.internal.Errors$1.call(Errors.java:271)
	at org.glassfish.jersey.internal.Errors$1.call(Errors.java:267)
	at org.glassfish.jersey.internal.Errors.process(Errors.java:315)
	at org.glassfish.jersey.internal.Errors.process(Errors.java:297)
	at org.glassfish.jersey.internal.Errors.process(Errors.java:267)
	at org.glassfish.jersey.process.internal.RequestScope.runInScope(RequestScope.java:318)
	at org.glassfish.jersey.server.ServerRuntime.process(ServerRuntime.java:236)
	at org.glassfish.jersey.server.ApplicationHandler.handle(ApplicationHandler.java:1010)
	at org.graylog2.jersey.container.netty.NettyContainer.messageReceived(NettyContainer.java:306)
	at org.jboss.netty.handler.stream.ChunkedWriteHandler.handleUpstream(ChunkedWriteHandler.java:142)
	at org.jboss.netty.channel.Channels.fireMessageReceived(Channels.java:296)
	at org.jboss.netty.handler.codec.frame.FrameDecoder.unfoldAndFireMessageReceived(FrameDecoder.java:459)
	at org.jboss.netty.handler.codec.replay.ReplayingDecoder.callDecode(ReplayingDecoder.java:536)
	at org.jboss.netty.handler.codec.replay.ReplayingDecoder.messageReceived(ReplayingDecoder.java:435)
	at org.jboss.netty.channel.Channels.fireMessageReceived(Channels.java:268)
	at org.jboss.netty.channel.Channels.fireMessageReceived(Channels.java:255)
	at org.jboss.netty.channel.socket.nio.NioWorker.read(NioWorker.java:88)
	at org.jboss.netty.channel.socket.nio.AbstractNioWorker.process(AbstractNioWorker.java:108)
	at org.jboss.netty.channel.socket.nio.AbstractNioSelector.run(AbstractNioSelector.java:318)
	at org.jboss.netty.channel.socket.nio.AbstractNioWorker.run(AbstractNioWorker.java:89)
	at org.jboss.netty.channel.socket.nio.NioWorker.run(NioWorker.java:178)
	at java.util.concurrent.ThreadPoolExecutor.runWorker(ThreadPoolExecutor.java:1145)
	at java.util.concurrent.ThreadPoolExecutor$Worker.run(ThreadPoolExecutor.java:615)
	at java.lang.Thread.run(Thread.java:745)
2014-09-19 19:35:13,900 ERROR: org.graylog2.periodical.DeflectorManagerThread - Couldn't point deflector to a new index
org.elasticsearch.discovery.MasterNotDiscoveredException: waited for [30s]
	at org.elasticsearch.action.support.master.TransportMasterNodeOperationAction$3.onTimeout(TransportMasterNodeOperationAction.java:180)
	at org.elasticsearch.cluster.service.InternalClusterService$NotifyTimeout.run(InternalClusterService.java:483)
	at java.util.concurrent.ThreadPoolExecutor.runWorker(ThreadPoolExecutor.java:1145)
	at java.util.concurrent.ThreadPoolExecutor$Worker.run(ThreadPoolExecutor.java:615)
	at java.lang.Thread.run(Thread.java:745)
2014-09-19 19:35:15,190 INFO : org.elasticsearch.discovery.zen - [graylog2-server] master_left [[Wild Thing][XnHIWyMDQ_mG9XhHUbhlnA][inet[/10.0.2.15:9300]]], reason [do not exists on master, act as master failure]
2014-09-19 19:35:15,233 INFO : org.elasticsearch.cluster.service - [graylog2-server] detected_master [Wild Thing][XnHIWyMDQ_mG9XhHUbhlnA][inet[/10.0.2.15:9300]], added {[Wild Thing][XnHIWyMDQ_mG9XhHUbhlnA][inet[/10.0.2.15:9300]],}, reason: zen-disco-receive(from master [[Wild Thing][XnHIWyMDQ_mG9XhHUbhlnA][inet[/10.0.2.15:9300]]])
2014-09-19 19:35:45,967 WARN : org.graylog2.rest.resources.system.SessionsResource - Unable to log in user admin
org.apache.shiro.authc.AuthenticationException: No account information found for authentication token [org.apache.shiro.authc.UsernamePasswordToken - admin, rememberMe=false] by this Authenticator instance.  Please check that it is configured correctly.
	at org.apache.shiro.authc.AbstractAuthenticator.authenticate(AbstractAuthenticator.java:202)
	at org.apache.shiro.mgt.AuthenticatingSecurityManager.authenticate(AuthenticatingSecurityManager.java:106)
	at org.apache.shiro.mgt.DefaultSecurityManager.login(DefaultSecurityManager.java:270)
	at org.apache.shiro.subject.support.DelegatingSubject.login(DelegatingSubject.java:256)
	at org.graylog2.rest.resources.system.SessionsResource.newSession(SessionsResource.java:78)
	at sun.reflect.NativeMethodAccessorImpl.invoke0(Native Method)
	at sun.reflect.NativeMethodAccessorImpl.invoke(NativeMethodAccessorImpl.java:57)
	at sun.reflect.DelegatingMethodAccessorImpl.invoke(DelegatingMethodAccessorImpl.java:43)
	at java.lang.reflect.Method.invoke(Method.java:606)
	at org.glassfish.jersey.server.model.internal.ResourceMethodInvocationHandlerFactory$1.invoke(ResourceMethodInvocationHandlerFactory.java:81)
	at org.glassfish.jersey.server.model.internal.AbstractJavaResourceMethodDispatcher$1.run(AbstractJavaResourceMethodDispatcher.java:151)
	at org.glassfish.jersey.server.model.internal.AbstractJavaResourceMethodDispatcher.invoke(AbstractJavaResourceMethodDispatcher.java:171)
	at org.glassfish.jersey.server.model.internal.JavaResourceMethodDispatcherProvider$TypeOutInvoker.doDispatch(JavaResourceMethodDispatcherProvider.java:195)
	at org.glassfish.jersey.server.model.internal.AbstractJavaResourceMethodDispatcher.dispatch(AbstractJavaResourceMethodDispatcher.java:104)
	at org.glassfish.jersey.server.model.ResourceMethodInvoker.invoke(ResourceMethodInvoker.java:402)
	at org.glassfish.jersey.server.model.ResourceMethodInvoker.apply(ResourceMethodInvoker.java:349)
	at org.glassfish.jersey.server.model.ResourceMethodInvoker.apply(ResourceMethodInvoker.java:106)
	at org.glassfish.jersey.server.ServerRuntime$1.run(ServerRuntime.java:259)
	at org.glassfish.jersey.internal.Errors$1.call(Errors.java:271)
	at org.glassfish.jersey.internal.Errors$1.call(Errors.java:267)
	at org.glassfish.jersey.internal.Errors.process(Errors.java:315)
	at org.glassfish.jersey.internal.Errors.process(Errors.java:297)
	at org.glassfish.jersey.internal.Errors.process(Errors.java:267)
	at org.glassfish.jersey.process.internal.RequestScope.runInScope(RequestScope.java:318)
	at org.glassfish.jersey.server.ServerRuntime.process(ServerRuntime.java:236)
	at org.glassfish.jersey.server.ApplicationHandler.handle(ApplicationHandler.java:1010)
	at org.graylog2.jersey.container.netty.NettyContainer.messageReceived(NettyContainer.java:306)
	at org.jboss.netty.channel.SimpleChannelUpstreamHandler.handleUpstream(SimpleChannelUpstreamHandler.java:70)
	at org.jboss.netty.channel.DefaultChannelPipeline.sendUpstream(DefaultChannelPipeline.java:564)
	at org.jboss.netty.channel.DefaultChannelPipeline$DefaultChannelHandlerContext.sendUpstream(DefaultChannelPipeline.java:791)
	at org.jboss.netty.handler.stream.ChunkedWriteHandler.handleUpstream(ChunkedWriteHandler.java:142)
	at org.jboss.netty.channel.DefaultChannelPipeline.sendUpstream(DefaultChannelPipeline.java:564)
	at org.jboss.netty.channel.DefaultChannelPipeline$DefaultChannelHandlerContext.sendUpstream(DefaultChannelPipeline.java:791)
	at org.jboss.netty.channel.Channels.fireMessageReceived(Channels.java:296)
	at org.jboss.netty.handler.codec.frame.FrameDecoder.unfoldAndFireMessageReceived(FrameDecoder.java:459)
	at org.jboss.netty.handler.codec.replay.ReplayingDecoder.callDecode(ReplayingDecoder.java:536)
	at org.jboss.netty.handler.codec.replay.ReplayingDecoder.messageReceived(ReplayingDecoder.java:435)
	at org.jboss.netty.channel.SimpleChannelUpstreamHandler.handleUpstream(SimpleChannelUpstreamHandler.java:70)
	at org.jboss.netty.channel.DefaultChannelPipeline.sendUpstream(DefaultChannelPipeline.java:564)
	at org.jboss.netty.channel.DefaultChannelPipeline.sendUpstream(DefaultChannelPipeline.java:559)
	at org.jboss.netty.channel.Channels.fireMessageReceived(Channels.java:268)
	at org.jboss.netty.channel.Channels.fireMessageReceived(Channels.java:255)
	at org.jboss.netty.channel.socket.nio.NioWorker.read(NioWorker.java:88)
	at org.jboss.netty.channel.socket.nio.AbstractNioWorker.process(AbstractNioWorker.java:108)
	at org.jboss.netty.channel.socket.nio.AbstractNioSelector.run(AbstractNioSelector.java:318)
	at org.jboss.netty.channel.socket.nio.AbstractNioWorker.run(AbstractNioWorker.java:89)
	at org.jboss.netty.channel.socket.nio.NioWorker.run(NioWorker.java:178)
	at org.jboss.netty.util.ThreadRenamingRunnable.run(ThreadRenamingRunnable.java:108)
	at org.jboss.netty.util.internal.DeadLockProofWorker$1.run(DeadLockProofWorker.java:42)
	at java.util.concurrent.ThreadPoolExecutor.runWorker(ThreadPoolExecutor.java:1145)
	at java.util.concurrent.ThreadPoolExecutor$Worker.run(ThreadPoolExecutor.java:615)
	at java.lang.Thread.run(Thread.java:745)
2014-09-19 19:35:51,875 INFO : org.apache.shiro.session.mgt.AbstractValidatingSessionManager - Enabling session validation scheduler...
2014-09-19 19:38:42,054 WARN : com.mongodb - emptying DBPortPool to /127.0.0.1:27017 b/c of error
java.io.EOFException
	at org.bson.io.Bits.readFully(Bits.java:48)
	at org.bson.io.Bits.readFully(Bits.java:33)
	at org.bson.io.Bits.readFully(Bits.java:28)
	at com.mongodb.Response.<init>(Response.java:40)
	at com.mongodb.DBPort.go(DBPort.java:142)
	at com.mongodb.DBPort.call(DBPort.java:92)
	at com.mongodb.DBTCPConnector.innerCall(DBTCPConnector.java:244)
	at com.mongodb.DBTCPConnector.call(DBTCPConnector.java:216)
	at com.mongodb.DBApiLayer$MyCollection.__find(DBApiLayer.java:288)
	at com.mongodb.DBApiLayer$MyCollection.__find(DBApiLayer.java:273)
	at com.mongodb.DBCursor._check(DBCursor.java:368)
	at com.mongodb.DBCursor._hasNext(DBCursor.java:459)
	at com.mongodb.DBCursor.hasNext(DBCursor.java:484)
	at org.graylog2.database.Persisted.cursorToList(Persisted.java:106)
	at org.graylog2.database.Persisted.query(Persisted.java:78)
	at org.graylog2.cluster.Node.allActive(Node.java:119)
	at org.graylog2.rest.resources.system.ClusterResource.nodes(ClusterResource.java:53)
	at sun.reflect.GeneratedMethodAccessor14.invoke(Unknown Source)
	at sun.reflect.DelegatingMethodAccessorImpl.invoke(DelegatingMethodAccessorImpl.java:43)
	at java.lang.reflect.Method.invoke(Method.java:606)
	at org.glassfish.jersey.server.model.internal.ResourceMethodInvocationHandlerFactory$1.invoke(ResourceMethodInvocationHandlerFactory.java:81)
	at org.glassfish.jersey.server.model.internal.AbstractJavaResourceMethodDispatcher$1.run(AbstractJavaResourceMethodDispatcher.java:151)
	at org.glassfish.jersey.server.model.internal.AbstractJavaResourceMethodDispatcher.invoke(AbstractJavaResourceMethodDispatcher.java:171)
	at org.glassfish.jersey.server.model.internal.JavaResourceMethodDispatcherProvider$TypeOutInvoker.doDispatch(JavaResourceMethodDispatcherProvider.java:195)
	at org.glassfish.jersey.server.model.internal.AbstractJavaResourceMethodDispatcher.dispatch(AbstractJavaResourceMethodDispatcher.java:104)
	at org.glassfish.jersey.server.model.ResourceMethodInvoker.invoke(ResourceMethodInvoker.java:402)
	at org.glassfish.jersey.server.model.ResourceMethodInvoker.apply(ResourceMethodInvoker.java:349)
	at org.glassfish.jersey.server.model.ResourceMethodInvoker.apply(ResourceMethodInvoker.java:106)
	at org.glassfish.jersey.server.ServerRuntime$1.run(ServerRuntime.java:259)
	at org.glassfish.jersey.internal.Errors$1.call(Errors.java:271)
	at org.glassfish.jersey.internal.Errors$1.call(Errors.java:267)
	at org.glassfish.jersey.internal.Errors.process(Errors.java:315)
	at org.glassfish.jersey.internal.Errors.process(Errors.java:297)
	at org.glassfish.jersey.internal.Errors.process(Errors.java:267)
	at org.glassfish.jersey.process.internal.RequestScope.runInScope(RequestScope.java:318)
	at org.glassfish.jersey.server.ServerRuntime.process(ServerRuntime.java:236)
	at org.glassfish.jersey.server.ApplicationHandler.handle(ApplicationHandler.java:1010)
	at org.graylog2.jersey.container.netty.NettyContainer.messageReceived(NettyContainer.java:306)
	at org.jboss.netty.channel.SimpleChannelUpstreamHandler.handleUpstream(SimpleChannelUpstreamHandler.java:70)
	at org.jboss.netty.channel.DefaultChannelPipeline.sendUpstream(DefaultChannelPipeline.java:564)
	at org.jboss.netty.channel.DefaultChannelPipeline$DefaultChannelHandlerContext.sendUpstream(DefaultChannelPipeline.java:791)
	at org.jboss.netty.handler.stream.ChunkedWriteHandler.handleUpstream(ChunkedWriteHandler.java:142)
	at org.jboss.netty.channel.DefaultChannelPipeline.sendUpstream(DefaultChannelPipeline.java:564)
	at org.jboss.netty.channel.DefaultChannelPipeline$DefaultChannelHandlerContext.sendUpstream(DefaultChannelPipeline.java:791)
	at org.jboss.netty.channel.Channels.fireMessageReceived(Channels.java:296)
	at org.jboss.netty.handler.codec.frame.FrameDecoder.unfoldAndFireMessageReceived(FrameDecoder.java:459)
	at org.jboss.netty.handler.codec.replay.ReplayingDecoder.callDecode(ReplayingDecoder.java:536)
	at org.jboss.netty.handler.codec.replay.ReplayingDecoder.messageReceived(ReplayingDecoder.java:435)
	at org.jboss.netty.channel.SimpleChannelUpstreamHandler.handleUpstream(SimpleChannelUpstreamHandler.java:70)
	at org.jboss.netty.channel.DefaultChannelPipeline.sendUpstream(DefaultChannelPipeline.java:564)
	at org.jboss.netty.channel.DefaultChannelPipeline.sendUpstream(DefaultChannelPipeline.java:559)
	at org.jboss.netty.channel.Channels.fireMessageReceived(Channels.java:268)
	at org.jboss.netty.channel.Channels.fireMessageReceived(Channels.java:255)
	at org.jboss.netty.channel.socket.nio.NioWorker.read(NioWorker.java:88)
	at org.jboss.netty.channel.socket.nio.AbstractNioWorker.process(AbstractNioWorker.java:108)
	at org.jboss.netty.channel.socket.nio.AbstractNioSelector.run(AbstractNioSelector.java:318)
	at org.jboss.netty.channel.socket.nio.AbstractNioWorker.run(AbstractNioWorker.java:89)
	at org.jboss.netty.channel.socket.nio.NioWorker.run(NioWorker.java:178)
	at org.jboss.netty.util.ThreadRenamingRunnable.run(ThreadRenamingRunnable.java:108)
	at org.jboss.netty.util.internal.DeadLockProofWorker$1.run(DeadLockProofWorker.java:42)
	at java.util.concurrent.ThreadPoolExecutor.runWorker(ThreadPoolExecutor.java:1145)
	at java.util.concurrent.ThreadPoolExecutor$Worker.run(ThreadPoolExecutor.java:615)
	at java.lang.Thread.run(Thread.java:745)
2014-09-19 19:38:42,106 ERROR: org.graylog2.plugin.rest.AnyExceptionClassMapper - Unhandled exception in REST resource
com.mongodb.MongoException$Network: Read operation to server /127.0.0.1:27017 failed on database graylog2
	at com.mongodb.DBTCPConnector.innerCall(DBTCPConnector.java:253)
	at com.mongodb.DBTCPConnector.call(DBTCPConnector.java:216)
	at com.mongodb.DBApiLayer$MyCollection.__find(DBApiLayer.java:288)
	at com.mongodb.DBApiLayer$MyCollection.__find(DBApiLayer.java:273)
	at com.mongodb.DBCursor._check(DBCursor.java:368)
	at com.mongodb.DBCursor._hasNext(DBCursor.java:459)
	at com.mongodb.DBCursor.hasNext(DBCursor.java:484)
	at org.graylog2.database.Persisted.cursorToList(Persisted.java:106)
	at org.graylog2.database.Persisted.query(Persisted.java:78)
	at org.graylog2.cluster.Node.allActive(Node.java:119)
	at org.graylog2.rest.resources.system.ClusterResource.nodes(ClusterResource.java:53)
	at sun.reflect.GeneratedMethodAccessor14.invoke(Unknown Source)
	at sun.reflect.DelegatingMethodAccessorImpl.invoke(DelegatingMethodAccessorImpl.java:43)
	at java.lang.reflect.Method.invoke(Method.java:606)
	at org.glassfish.jersey.server.model.internal.ResourceMethodInvocationHandlerFactory$1.invoke(ResourceMethodInvocationHandlerFactory.java:81)
	at org.glassfish.jersey.server.model.internal.AbstractJavaResourceMethodDispatcher$1.run(AbstractJavaResourceMethodDispatcher.java:151)
	at org.glassfish.jersey.server.model.internal.AbstractJavaResourceMethodDispatcher.invoke(AbstractJavaResourceMethodDispatcher.java:171)
	at org.glassfish.jersey.server.model.internal.JavaResourceMethodDispatcherProvider$TypeOutInvoker.doDispatch(JavaResourceMethodDispatcherProvider.java:195)
	at org.glassfish.jersey.server.model.internal.AbstractJavaResourceMethodDispatcher.dispatch(AbstractJavaResourceMethodDispatcher.java:104)
	at org.glassfish.jersey.server.model.ResourceMethodInvoker.invoke(ResourceMethodInvoker.java:402)
	at org.glassfish.jersey.server.model.ResourceMethodInvoker.apply(ResourceMethodInvoker.java:349)
	at org.glassfish.jersey.server.model.ResourceMethodInvoker.apply(ResourceMethodInvoker.java:106)
	at org.glassfish.jersey.server.ServerRuntime$1.run(ServerRuntime.java:259)
	at org.glassfish.jersey.internal.Errors$1.call(Errors.java:271)
	at org.glassfish.jersey.internal.Errors$1.call(Errors.java:267)
	at org.glassfish.jersey.internal.Errors.process(Errors.java:315)
	at org.glassfish.jersey.internal.Errors.process(Errors.java:297)
	at org.glassfish.jersey.internal.Errors.process(Errors.java:267)
	at org.glassfish.jersey.process.internal.RequestScope.runInScope(RequestScope.java:318)
	at org.glassfish.jersey.server.ServerRuntime.process(ServerRuntime.java:236)
	at org.glassfish.jersey.server.ApplicationHandler.handle(ApplicationHandler.java:1010)
	at org.graylog2.jersey.container.netty.NettyContainer.messageReceived(NettyContainer.java:306)
	at org.jboss.netty.channel.SimpleChannelUpstreamHandler.handleUpstream(SimpleChannelUpstreamHandler.java:70)
	at org.jboss.netty.channel.DefaultChannelPipeline.sendUpstream(DefaultChannelPipeline.java:564)
	at org.jboss.netty.channel.DefaultChannelPipeline$DefaultChannelHandlerContext.sendUpstream(DefaultChannelPipeline.java:791)
	at org.jboss.netty.handler.stream.ChunkedWriteHandler.handleUpstream(ChunkedWriteHandler.java:142)
	at org.jboss.netty.channel.DefaultChannelPipeline.sendUpstream(DefaultChannelPipeline.java:564)
	at org.jboss.netty.channel.DefaultChannelPipeline$DefaultChannelHandlerContext.sendUpstream(DefaultChannelPipeline.java:791)
	at org.jboss.netty.channel.Channels.fireMessageReceived(Channels.java:296)
	at org.jboss.netty.handler.codec.frame.FrameDecoder.unfoldAndFireMessageReceived(FrameDecoder.java:459)
	at org.jboss.netty.handler.codec.replay.ReplayingDecoder.callDecode(ReplayingDecoder.java:536)
	at org.jboss.netty.handler.codec.replay.ReplayingDecoder.messageReceived(ReplayingDecoder.java:435)
	at org.jboss.netty.channel.SimpleChannelUpstreamHandler.handleUpstream(SimpleChannelUpstreamHandler.java:70)
	at org.jboss.netty.channel.DefaultChannelPipeline.sendUpstream(DefaultChannelPipeline.java:564)
	at org.jboss.netty.channel.DefaultChannelPipeline.sendUpstream(DefaultChannelPipeline.java:559)
	at org.jboss.netty.channel.Channels.fireMessageReceived(Channels.java:268)
	at org.jboss.netty.channel.Channels.fireMessageReceived(Channels.java:255)
	at org.jboss.netty.channel.socket.nio.NioWorker.read(NioWorker.java:88)
	at org.jboss.netty.channel.socket.nio.AbstractNioWorker.process(AbstractNioWorker.java:108)
	at org.jboss.netty.channel.socket.nio.AbstractNioSelector.run(AbstractNioSelector.java:318)
	at org.jboss.netty.channel.socket.nio.AbstractNioWorker.run(AbstractNioWorker.java:89)
	at org.jboss.netty.channel.socket.nio.NioWorker.run(NioWorker.java:178)
	at org.jboss.netty.util.ThreadRenamingRunnable.run(ThreadRenamingRunnable.java:108)
	at org.jboss.netty.util.internal.DeadLockProofWorker$1.run(DeadLockProofWorker.java:42)
	at java.util.concurrent.ThreadPoolExecutor.runWorker(ThreadPoolExecutor.java:1145)
	at java.util.concurrent.ThreadPoolExecutor$Worker.run(ThreadPoolExecutor.java:615)
	at java.lang.Thread.run(Thread.java:745)
Caused by: java.io.EOFException
	at org.bson.io.Bits.readFully(Bits.java:48)
	at org.bson.io.Bits.readFully(Bits.java:33)
	at org.bson.io.Bits.readFully(Bits.java:28)
	at com.mongodb.Response.<init>(Response.java:40)
	at com.mongodb.DBPort.go(DBPort.java:142)
	at com.mongodb.DBPort.call(DBPort.java:92)
	at com.mongodb.DBTCPConnector.innerCall(DBTCPConnector.java:244)
	... 56 more
2014-09-19 19:38:43,091 INFO : org.elasticsearch.discovery.zen - [graylog2-server] master_left [[Wild Thing][XnHIWyMDQ_mG9XhHUbhlnA][inet[/10.0.2.15:9300]]], reason [transport disconnected (with verified connect)]
2014-09-19 19:38:43,092 WARN : org.elasticsearch.discovery.zen - [graylog2-server] master_left and no other node elected to become master, current nodes: {[graylog2-server][zrktRN_FQQy0h7fSjKdz2w][inet[/10.0.2.15:9350]]{client=true, data=false, master=false},}
2014-09-19 19:38:43,093 INFO : org.elasticsearch.cluster.service - [graylog2-server] removed {[Wild Thing][XnHIWyMDQ_mG9XhHUbhlnA][inet[/10.0.2.15:9300]],}, reason: zen-disco-master_failed ([Wild Thing][XnHIWyMDQ_mG9XhHUbhlnA][inet[/10.0.2.15:9300]])
2014-09-19 19:38:43,263 INFO : org.graylog2.Core - SIGNAL received. Shutting down.
2014-09-19 19:39:01,236 INFO : org.graylog2.Main - Graylog2 0.20.6 starting up. (JRE: Oracle Corporation 1.7.0_65 on Linux 3.2.0-23-generic)
2014-09-19 19:39:01,416 INFO : org.graylog2.plugin.system.NodeId - Node ID: 283e0cad-5938-4423-a912-a08c8e943968
2014-09-19 19:39:02,250 INFO : org.graylog2.buffers.ProcessBuffer - Initialized ProcessBuffer with ring size <1024> and wait strategy <BlockingWaitStrategy>.
2014-09-19 19:39:02,338 INFO : org.graylog2.buffers.OutputBuffer - Initialized OutputBuffer with ring size <1024> and wait strategy <BlockingWaitStrategy>.
2014-09-19 19:39:04,219 INFO : org.elasticsearch.node - [graylog2-server] version[0.90.10], pid[838], build[0a5781f/2014-01-10T10:18:37Z]
2014-09-19 19:39:04,219 INFO : org.elasticsearch.node - [graylog2-server] initializing ...
2014-09-19 19:39:04,252 INFO : org.elasticsearch.plugins - [graylog2-server] loaded [], sites []
2014-09-19 19:39:14,126 INFO : org.elasticsearch.node - [graylog2-server] initialized
2014-09-19 19:39:14,127 INFO : org.elasticsearch.node - [graylog2-server] starting ...
2014-09-19 19:39:16,663 INFO : org.elasticsearch.transport - [graylog2-server] bound_address {inet[/0:0:0:0:0:0:0:0:9350]}, publish_address {inet[/10.0.2.15:9350]}
2014-09-19 19:39:19,709 WARN : org.elasticsearch.discovery - [graylog2-server] waited for 3s and no initial state was set by the discovery
2014-09-19 19:39:19,710 INFO : org.elasticsearch.discovery - [graylog2-server] graylog2/dYdMMvgVTuqh0HR0w4CfSg
2014-09-19 19:39:19,715 INFO : org.elasticsearch.node - [graylog2-server] started
2014-09-19 19:39:24,035 INFO : org.elasticsearch.discovery.zen - [graylog2-server] master_left [[Yukon Jack][LmnJTk7FQtCUSVh98fL2wA][inet[/10.0.2.15:9300]]], reason [do not exists on master, act as master failure]
2014-09-19 19:39:24,763 ERROR: org.graylog2.Main - 

################################################################################

ERROR: Could not successfully connect to ElasticSearch. Check that your cluster state is not RED and that ElasticSearch is running properly.

Need help?

* Official documentation: http://support.torch.sh/help/kb
* Mailing list: http://support.torch.sh/help/kb/general/forums-mailing-list
* Issue tracker: http://support.torch.sh/help/kb/general/issue-trackers
* Commercial support: http://www.torch.sh/

But we also got some specific help pages that might help you in this case:

* http://support.torch.sh/help/kb/graylog2-server/configuring-and-tuning-elasticsearch-for-graylog2-v0200

Terminating. :(

################################################################################

2014-09-19 19:49:51,853 INFO : org.graylog2.Main - Graylog2 0.20.6 starting up. (JRE: Oracle Corporation 1.7.0_65 on Linux 3.2.0-23-generic)
2014-09-19 19:49:52,166 INFO : org.graylog2.plugin.system.NodeId - Node ID: 283e0cad-5938-4423-a912-a08c8e943968
2014-09-19 19:49:52,936 INFO : org.graylog2.buffers.ProcessBuffer - Initialized ProcessBuffer with ring size <1024> and wait strategy <BlockingWaitStrategy>.
2014-09-19 19:49:53,016 INFO : org.graylog2.buffers.OutputBuffer - Initialized OutputBuffer with ring size <1024> and wait strategy <BlockingWaitStrategy>.
2014-09-19 19:49:54,844 INFO : org.elasticsearch.node - [graylog2-server] version[0.90.10], pid[832], build[0a5781f/2014-01-10T10:18:37Z]
2014-09-19 19:49:54,844 INFO : org.elasticsearch.node - [graylog2-server] initializing ...
2014-09-19 19:49:54,876 INFO : org.elasticsearch.plugins - [graylog2-server] loaded [], sites []
2014-09-19 19:50:01,562 INFO : org.elasticsearch.node - [graylog2-server] initialized
2014-09-19 19:50:01,562 INFO : org.elasticsearch.node - [graylog2-server] starting ...
2014-09-19 19:50:01,727 INFO : org.elasticsearch.transport - [graylog2-server] bound_address {inet[/0:0:0:0:0:0:0:0:9350]}, publish_address {inet[/10.0.2.15:9350]}
2014-09-19 19:50:04,737 WARN : org.elasticsearch.discovery - [graylog2-server] waited for 3s and no initial state was set by the discovery
2014-09-19 19:50:04,737 INFO : org.elasticsearch.discovery - [graylog2-server] graylog2/99q-9AinT3SoqG3AdkyoEQ
2014-09-19 19:50:04,740 INFO : org.elasticsearch.node - [graylog2-server] started
2014-09-19 19:50:04,896 INFO : org.elasticsearch.cluster.service - [graylog2-server] detected_master [Antimatter][nfl1FWcERgmko1p4h6Lf7w][inet[/10.0.2.15:9300]], added {[Antimatter][nfl1FWcERgmko1p4h6Lf7w][inet[/10.0.2.15:9300]],}, reason: zen-disco-receive(from master [[Antimatter][nfl1FWcERgmko1p4h6Lf7w][inet[/10.0.2.15:9300]]])
2014-09-19 19:50:05,086 INFO : org.graylog2.Core - Setting up deflector.
2014-09-19 19:50:05,103 INFO : org.graylog2.indexer.Deflector - Found deflector alias <graylog2_deflector>. Using it.
2014-09-19 19:50:05,113 INFO : org.graylog2.initializers.DroolsInitializer - Not using rules
2014-09-19 19:50:05,114 INFO : org.graylog2.initializers.Initializers - Initialized initializer <org.graylog2.initializers.DroolsInitializer>.
2014-09-19 19:50:05,687 INFO : org.reflections.Reflections - Reflections took 519 ms to scan 1 urls, producing 3 keys and 16 values 
2014-09-19 19:50:05,699 INFO : org.graylog2.periodical.Periodicals - Starting [org.graylog2.periodical.StreamThroughputCounterManagerThread] periodical in [0s], polling every [1s].
2014-09-19 19:50:05,702 INFO : org.graylog2.periodical.Periodicals - Starting [org.graylog2.periodical.AlertScannerThread] periodical in [10s], polling every [60s].
2014-09-19 19:50:05,703 INFO : org.graylog2.periodical.Periodicals - Starting [org.graylog2.periodical.MasterCacheWorkerThread] periodical, running forever.
2014-09-19 19:50:05,704 INFO : org.graylog2.periodical.Periodicals - Starting [org.graylog2.periodical.ClusterHealthCheckThread] periodical in [0s], polling every [20s].
2014-09-19 19:50:05,705 INFO : org.graylog2.periodical.Periodicals - Starting [org.graylog2.periodical.NodePingThread] periodical in [0s], polling every [1s].
2014-09-19 19:50:05,706 INFO : org.graylog2.periodical.Periodicals - Starting [org.graylog2.periodical.ThroughputCounterManagerThread] periodical in [0s], polling every [1s].
2014-09-19 19:50:05,707 INFO : org.graylog2.periodical.Periodicals - Starting [org.graylog2.periodical.DeflectorManagerThread] periodical in [0s], polling every [10s].
2014-09-19 19:50:05,714 INFO : org.graylog2.periodical.Periodicals - Starting [org.graylog2.periodical.BatchedElasticSearchOutputFlushThread] periodical in [0s], polling every [1s].
2014-09-19 19:50:05,724 INFO : org.graylog2.periodical.Periodicals - Starting [org.graylog2.periodical.DeadLetterThread] periodical, running forever.
2014-09-19 19:50:05,739 INFO : org.graylog2.periodical.Periodicals - Starting [org.graylog2.periodical.IndexRetentionThread] periodical in [0s], polling every [300s].
2014-09-19 19:50:05,743 INFO : org.graylog2.periodical.Periodicals - Starting [org.graylog2.periodical.IndexerClusterCheckerThread] periodical in [0s], polling every [30s].
2014-09-19 19:50:05,762 INFO : org.graylog2.periodical.Periodicals - Starting [org.graylog2.periodical.VersionCheckThread] periodical in [0s], polling every [1800s].
2014-09-19 19:50:05,763 INFO : org.graylog2.initializers.Initializers - Initialized initializer <org.graylog2.initializers.PeriodicalsInitializer>.
2014-09-19 19:50:05,764 INFO : org.graylog2.outputs.OutputRegistry - Initialized output <org.graylog2.outputs.BatchedElasticSearchOutput>.
2014-09-19 19:50:07,084 WARN : org.graylog2.periodical.VersionCheckThread - Could not perform version check.
java.net.UnknownHostException: versioncheck.torch.sh: Temporary failure in name resolution
	at java.net.Inet6AddressImpl.lookupAllHostAddr(Native Method)
	at java.net.InetAddress$1.lookupAllHostAddr(InetAddress.java:901)
	at java.net.InetAddress.getAddressesFromNameService(InetAddress.java:1293)
	at java.net.InetAddress.getAllByName0(InetAddress.java:1246)
	at java.net.InetAddress.getAllByName(InetAddress.java:1162)
	at java.net.InetAddress.getAllByName(InetAddress.java:1098)
	at org.apache.http.impl.conn.SystemDefaultDnsResolver.resolve(SystemDefaultDnsResolver.java:44)
	at org.apache.http.impl.conn.HttpClientConnectionOperator.connect(HttpClientConnectionOperator.java:102)
	at org.apache.http.impl.conn.PoolingHttpClientConnectionManager.connect(PoolingHttpClientConnectionManager.java:314)
	at org.apache.http.impl.execchain.MainClientExec.establishRoute(MainClientExec.java:357)
	at org.apache.http.impl.execchain.MainClientExec.execute(MainClientExec.java:218)
	at org.apache.http.impl.execchain.ProtocolExec.execute(ProtocolExec.java:194)
	at org.apache.http.impl.execchain.RetryExec.execute(RetryExec.java:85)
	at org.apache.http.impl.execchain.RedirectExec.execute(RedirectExec.java:108)
	at org.apache.http.impl.client.InternalHttpClient.doExecute(InternalHttpClient.java:186)
	at org.apache.http.impl.client.CloseableHttpClient.execute(CloseableHttpClient.java:82)
	at org.apache.http.impl.client.CloseableHttpClient.execute(CloseableHttpClient.java:106)
	at org.graylog2.periodical.VersionCheckThread.run(VersionCheckThread.java:101)
	at java.util.concurrent.Executors$RunnableAdapter.call(Executors.java:471)
	at java.util.concurrent.FutureTask.runAndReset(FutureTask.java:304)
	at java.util.concurrent.ScheduledThreadPoolExecutor$ScheduledFutureTask.access$301(ScheduledThreadPoolExecutor.java:178)
	at java.util.concurrent.ScheduledThreadPoolExecutor$ScheduledFutureTask.run(ScheduledThreadPoolExecutor.java:293)
	at java.util.concurrent.ThreadPoolExecutor.runWorker(ThreadPoolExecutor.java:1145)
	at java.util.concurrent.ThreadPoolExecutor$Worker.run(ThreadPoolExecutor.java:615)
	at java.lang.Thread.run(Thread.java:745)
2014-09-19 19:50:09,565 INFO : org.glassfish.jersey.server.ApplicationHandler - Initiating Jersey application, version Jersey: 2.5 2013-12-18 14:27:29...
2014-09-19 19:50:12,489 INFO : org.graylog2.Core - Started REST API at <http://127.0.0.1:12900/>
2014-09-19 19:50:12,499 INFO : org.graylog2.Main - Graylog2 up and running.
2014-09-19 19:52:28,421 INFO : org.apache.shiro.session.mgt.AbstractValidatingSessionManager - Enabling session validation scheduler...
2014-09-19 19:52:28,424 INFO : org.apache.shiro.session.mgt.AbstractValidatingSessionManager - Enabling session validation scheduler...
2014-09-19 19:53:16,003 INFO : org.graylog2.inputs.InputRegistry - Starting [org.graylog2.inputs.gelf.http.GELFHttpInput] input with ID <541c89ab0cf2a2aaa2d9bdd4>
2014-09-19 19:53:16,027 INFO : org.graylog2.inputs.InputRegistry - Completed starting [org.graylog2.inputs.gelf.http.GELFHttpInput] input with ID <541c89ab0cf2a2aaa2d9bdd4>
2014-09-19 20:19:12,488 INFO : org.elasticsearch.cluster.service - [graylog2-server] added {[Whistler][ntyOn38IQt6sTp5kDQsLQQ][inet[/10.0.2.15:9301]]{client=true, data=false},}, reason: zen-disco-receive(from master [[Antimatter][nfl1FWcERgmko1p4h6Lf7w][inet[/10.0.2.15:9300]]])
2014-09-19 20:27:20,557 INFO : org.elasticsearch.cluster.service - [graylog2-server] removed {[Whistler][ntyOn38IQt6sTp5kDQsLQQ][inet[/10.0.2.15:9301]]{client=true, data=false},}, reason: zen-disco-receive(from master [[Antimatter][nfl1FWcERgmko1p4h6Lf7w][inet[/10.0.2.15:9300]]])
2014-09-19 20:27:47,195 INFO : org.elasticsearch.cluster.service - [graylog2-server] added {[Smithers, Samuel][lx73q88HTv6Wczz84guIkQ][inet[/10.0.2.15:9301]]{client=true, data=false},}, reason: zen-disco-receive(from master [[Antimatter][nfl1FWcERgmko1p4h6Lf7w][inet[/10.0.2.15:9300]]])
2014-09-19 20:43:56,684 INFO : org.elasticsearch.cluster.service - [graylog2-server] removed {[Smithers, Samuel][lx73q88HTv6Wczz84guIkQ][inet[/10.0.2.15:9301]]{client=true, data=false},}, reason: zen-disco-receive(from master [[Antimatter][nfl1FWcERgmko1p4h6Lf7w][inet[/10.0.2.15:9300]]])
2014-09-19 20:48:58,690 INFO : org.graylog2.rest.resources.system.inputs.InputsResource - Attempting to terminate input [GELF HTTP]. Reason: REST request.
2014-09-19 20:48:58,709 INFO : org.graylog2.rest.resources.system.inputs.InputsResource - Terminated input [GELF HTTP]. Reason: REST request.
2014-09-19 20:48:58,847 INFO : org.graylog2.rest.resources.system.inputs.InputsResource - Input [541c89ab0cf2a2aaa2d9bdd4]?not found. Returning HTTP 404.
2014-09-19 20:48:58,864 INFO : org.graylog2.rest.resources.system.inputs.InputsResource - Input [541c89ab0cf2a2aaa2d9bdd4]?not found. Returning HTTP 404.
2014-09-19 20:49:23,661 INFO : org.graylog2.inputs.InputRegistry - Starting [org.graylog2.inputs.gelf.tcp.GELFTCPInput] input with ID <541c96d30cf2a2aaa2d9cc17>
2014-09-19 20:49:23,676 INFO : org.graylog2.inputs.gelf.tcp.GELFTCPInput - Started TCP GELF input on /127.0.0.1:12201
2014-09-19 20:49:23,684 INFO : org.graylog2.inputs.InputRegistry - Completed starting [org.graylog2.inputs.gelf.tcp.GELFTCPInput] input with ID <541c96d30cf2a2aaa2d9cc17>
2014-09-19 20:52:28,747 INFO : org.apache.shiro.session.mgt.AbstractValidatingSessionManager - Validating all active sessions...
2014-09-19 20:52:28,752 INFO : org.apache.shiro.session.mgt.AbstractValidatingSessionManager - Validating all active sessions...
2014-09-19 20:52:28,756 INFO : org.apache.shiro.session.mgt.AbstractValidatingSessionManager - Finished session validation.  No sessions were stopped.
2014-09-19 20:52:28,756 INFO : org.apache.shiro.session.mgt.AbstractValidatingSessionManager - Finished session validation.  No sessions were stopped.
2014-09-19 20:52:48,270 INFO : org.graylog2.rest.resources.system.inputs.InputsResource - Attempting to terminate input [GELF TCP]. Reason: REST request.
2014-09-19 20:52:48,278 INFO : org.graylog2.rest.resources.system.inputs.InputsResource - Terminated input [GELF TCP]. Reason: REST request.
2014-09-19 20:52:48,595 INFO : org.graylog2.rest.resources.system.inputs.InputsResource - Input [541c96d30cf2a2aaa2d9cc17]?not found. Returning HTTP 404.
2014-09-19 20:52:48,598 INFO : org.graylog2.rest.resources.system.inputs.InputsResource - Input [541c96d30cf2a2aaa2d9cc17]?not found. Returning HTTP 404.
2014-09-19 20:52:59,791 INFO : org.graylog2.inputs.InputRegistry - Starting [org.graylog2.inputs.gelf.udp.GELFUDPInput] input with ID <541c97ab0cf2a2aaa2d9cd05>
2014-09-19 20:52:59,829 INFO : org.graylog2.inputs.gelf.udp.GELFUDPInput - Started GELF UDP input on /0.0.0.0:12201
2014-09-19 20:52:59,831 INFO : org.graylog2.inputs.InputRegistry - Completed starting [org.graylog2.inputs.gelf.udp.GELFUDPInput] input with ID <541c97ab0cf2a2aaa2d9cd05>
2014-09-19 20:53:34,640 INFO : org.elasticsearch.cluster.service - [graylog2-server] added {[Klaatu][pGipBXBXTnWEuaHkzoNd5A][inet[/10.0.2.15:9301]]{client=true, data=false},}, reason: zen-disco-receive(from master [[Antimatter][nfl1FWcERgmko1p4h6Lf7w][inet[/10.0.2.15:9300]]])
2014-09-19 21:52:28,747 INFO : org.apache.shiro.session.mgt.AbstractValidatingSessionManager - Validating all active sessions...
2014-09-19 21:52:28,752 INFO : org.apache.shiro.session.mgt.AbstractValidatingSessionManager - Validating all active sessions...
2014-09-19 21:52:28,789 INFO : org.apache.shiro.session.mgt.AbstractValidatingSessionManager - Finished session validation.  No sessions were stopped.
2014-09-19 21:52:28,789 INFO : org.apache.shiro.session.mgt.AbstractValidatingSessionManager - Finished session validation.  No sessions were stopped.
